<?xml version="1.0" encoding="UTF-8"?>
<!-- Generated by org.testng.reporters.JUnitReportReporter -->
<testsuite hostname="DESKTOP-CJA0QNI" failures="0" tests="5" name="com.cgi.runner.RunnerTest" time="31.337" errors="0" timestamp="2024-11-29T17:47:25 IST" skipped="0">
  <testcase classname="com.cgi.runner.RunnerTest" name="runScenario" time="8.033"/>
  <testcase classname="com.cgi.runner.RunnerTest" name="runScenario" time="5.309"/>
  <testcase classname="com.cgi.runner.RunnerTest" name="runScenario" time="6.771"/>
  <testcase classname="com.cgi.runner.RunnerTest" name="runScenario" time="4.881"/>
  <testcase classname="com.cgi.runner.RunnerTest" name="runScenario" time="6.343"/>
</testsuite> <!-- com.cgi.runner.RunnerTest -->
