<?xml version="1.0" encoding="UTF-8"?>
<!-- Generated by org.testng.reporters.JUnitReportReporter -->
<testsuite hostname="DESKTOP-CJA0QNI" failures="0" tests="2" name="com.cgi.test.LoginTest" time="55.771" errors="0" timestamp="2024-11-28T16:25:19 IST" skipped="0">
  <testcase classname="com.cgi.test.LoginTest" name="invalidLoginTest" time="13.413"/>
  <testcase classname="com.cgi.test.LoginTest" name="invalidLoginTest" time="42.358"/>
</testsuite> <!-- com.cgi.test.LoginTest -->
