<?xml version="1.0" encoding="UTF-8"?>
<!-- Generated by org.testng.reporters.JUnitReportReporter -->
<testsuite hostname="DESKTOP-CJA0QNI" failures="0" tests="3" name="com.cgi.test.ZDemo1Test" time="0.012" errors="0" timestamp="2024-11-28T15:52:42 IST" skipped="0">
  <testcase classname="com.cgi.test.ZDemo1Test" name="loginTest" time="0.001"/>
  <testcase classname="com.cgi.test.ZDemo1Test" name="loginTest" time="0.001"/>
  <testcase classname="com.cgi.test.ZDemo1Test" name="loginTest" time="0.010"/>
</testsuite> <!-- com.cgi.test.ZDemo1Test -->
