<?xml version="1.0" encoding="UTF-8"?>
<!-- Generated by org.testng.reporters.JUnitReportReporter -->
<testsuite hostname="DESKTOP-CJA0QNI" failures="0" tests="2" name="com.cgi.runner.RunnerTest" time="0.183" errors="0" timestamp="2024-11-29T17:18:41 IST" skipped="0">
  <testcase classname="com.cgi.runner.RunnerTest" name="runScenario" time="0.014"/>
  <testcase classname="com.cgi.runner.RunnerTest" name="runScenario" time="0.169"/>
</testsuite> <!-- com.cgi.runner.RunnerTest -->
