<?xml version="1.0" encoding="UTF-8"?>
<!-- Generated by org.testng.reporters.JUnitReportReporter -->
<testsuite hostname="DESKTOP-CJA0QNI" failures="0" tests="2" name="com.cgi.test.LoginTest" time="14.953" errors="0" timestamp="2024-11-27T17:50:03 IST" skipped="0">
  <testcase classname="com.cgi.test.LoginTest" name="validLoginTest" time="7.101"/>
  <testcase classname="com.cgi.test.LoginTest" name="invalidLoginTest" time="7.852"/>
</testsuite> <!-- com.cgi.test.LoginTest -->
