<?xml version="1.0" encoding="UTF-8"?>
<!-- Generated by org.testng.reporters.JUnitReportReporter -->
<testsuite hostname="DESKTOP-CJA0QNI" failures="0" tests="2" name="com.cgi.test.LoginUITest" time="10.290" errors="0" timestamp="2024-11-27T17:47:33 IST" skipped="0">
  <testcase classname="com.cgi.test.LoginUITest" name="TitleTest" time="4.174"/>
  <testcase classname="com.cgi.test.LoginUITest" name="headerTest" time="6.116"/>
</testsuite> <!-- com.cgi.test.LoginUITest -->
